unityLibrary/build/intermediates/manifest_merge_blame_file/release/manifest-merger-blame-release-report.txt
1<?xml version="1.0" encoding="utf-8"?>
2<!-- GENERATED BY UNITY. REMOVE THIS COMMENT TO PREVENT OVERWRITING WHEN EXPORTING AGAIN -->
3<manifest xmlns:android="http://schemas.android.com/apk/res/android"
4    xmlns:tools="http://schemas.android.com/tools"
5    package="com.unity3d.player" >
6
7    <uses-sdk
8        android:minSdkVersion="19"
8-->src/main/AndroidManifest.xml
9        android:targetSdkVersion="26" />
9-->src/main/AndroidManifest.xml
10
11    <uses-feature android:glEsVersion="0x00020000" />
11-->src/main/AndroidManifest.xml:24:3-52
11-->src/main/AndroidManifest.xml:24:17-49
12
13    <uses-permission android:name="android.permission.READ_EXTERNAL_STORAGE" />
13-->src/main/AndroidManifest.xml:25:3-78
13-->src/main/AndroidManifest.xml:25:20-75
14    <uses-permission android:name="android.permission.CAMERA" />
14-->src/main/AndroidManifest.xml:26:3-63
14-->src/main/AndroidManifest.xml:26:20-60
15    <uses-permission android:name="android.permission.INTERNET" />
15-->src/main/AndroidManifest.xml:27:3-65
15-->src/main/AndroidManifest.xml:27:20-62
16
17    <uses-feature
17-->src/main/AndroidManifest.xml:28:3-88
18        android:name="android.hardware.touchscreen"
18-->src/main/AndroidManifest.xml:28:17-60
19        android:required="false" />
19-->src/main/AndroidManifest.xml:28:61-85
20    <uses-feature
20-->src/main/AndroidManifest.xml:29:3-99
21        android:name="android.hardware.touchscreen.multitouch"
21-->src/main/AndroidManifest.xml:29:17-71
22        android:required="false" />
22-->src/main/AndroidManifest.xml:29:72-96
23    <uses-feature
23-->src/main/AndroidManifest.xml:30:3-108
24        android:name="android.hardware.touchscreen.multitouch.distinct"
24-->src/main/AndroidManifest.xml:30:17-80
25        android:required="false" />
25-->src/main/AndroidManifest.xml:30:81-105
26
27    <application>
27-->src/main/AndroidManifest.xml:4:3-23:17
28        <activity
28-->src/main/AndroidManifest.xml:5:5-16:16
29            android:name="com.unity3d.player.UnityPlayerActivity"
29-->src/main/AndroidManifest.xml:5:15-68
30            android:configChanges="mcc|mnc|locale|touchscreen|keyboard|keyboardHidden|navigation|orientation|screenLayout|uiMode|screenSize|smallestScreenSize|fontScale|layoutDirection|density"
30-->src/main/AndroidManifest.xml:7:79-260
31            android:hardwareAccelerated="false"
31-->src/main/AndroidManifest.xml:7:261-296
32            android:launchMode="singleTask"
32-->src/main/AndroidManifest.xml:7:47-78
33            android:process=".unityplayer"
33-->src/main/AndroidManifest.xml:9:9-39
34            android:screenOrientation="landscape"
34-->src/main/AndroidManifest.xml:7:9-46
35            android:theme="@style/AcTheme" >
35-->src/main/AndroidManifest.xml:6:9-39
36            <intent-filter>
36-->src/main/AndroidManifest.xml:10:7-12:23
37                <category android:name="com.google.intent.category.CARDBOARD" />
37-->src/main/AndroidManifest.xml:11:9-73
37-->src/main/AndroidManifest.xml:11:19-70
38            </intent-filter>
39
40            <meta-data
40-->src/main/AndroidManifest.xml:13:7-82
41                android:name="unityplayer.UnityActivity"
41-->src/main/AndroidManifest.xml:13:18-58
42                android:value="true" />
42-->src/main/AndroidManifest.xml:13:59-79
43            <meta-data
43-->src/main/AndroidManifest.xml:14:7-78
44                android:name="android.notch_support"
44-->src/main/AndroidManifest.xml:14:18-54
45                android:value="true" />
45-->src/main/AndroidManifest.xml:14:55-75
46        </activity>
47
48        <meta-data
48-->src/main/AndroidManifest.xml:17:5-88
49            android:name="unityplayer.SkipPermissionsDialog"
49-->src/main/AndroidManifest.xml:17:16-64
50            android:value="true" />
50-->src/main/AndroidManifest.xml:17:65-85
51        <meta-data
51-->src/main/AndroidManifest.xml:18:5-73
52            android:name="unity.tango-enable"
52-->src/main/AndroidManifest.xml:18:16-49
53            android:value="True" />
53-->src/main/AndroidManifest.xml:18:50-70
54        <meta-data
54-->src/main/AndroidManifest.xml:19:5-69
55            android:name="unity.splash-mode"
55-->src/main/AndroidManifest.xml:19:16-48
56            android:value="0" />
56-->src/main/AndroidManifest.xml:19:49-66
57        <meta-data
57-->src/main/AndroidManifest.xml:20:5-75
58            android:name="unity.splash-enable"
58-->src/main/AndroidManifest.xml:20:16-50
59            android:value="False" />
59-->src/main/AndroidManifest.xml:20:51-72
60        <meta-data
60-->src/main/AndroidManifest.xml:21:5-81
61            android:name="notch.config"
61-->src/main/AndroidManifest.xml:21:16-43
62            android:value="portrait|landscape" />
62-->src/main/AndroidManifest.xml:21:44-78
63        <meta-data
63-->src/main/AndroidManifest.xml:22:5-101
64            android:name="unity.build-id"
64-->src/main/AndroidManifest.xml:22:16-45
65            android:value="9d19ce45-6183-4ead-a43e-da9b3fe5b77d" />
65-->src/main/AndroidManifest.xml:22:46-98
66    </application>
67
68</manifest>